[debug] [2026-05-18T10:02:33.088Z] ----------------------------------------------------------------------
[debug] [2026-05-18T10:02:33.093Z] Command:       /usr/local/Cellar/node/25.9.0_3/bin/node /Users/jide.pinheiro/sites/comcorpe/node_modules/.bin/firebase deploy --only firestore:rules --project comcorpe
[debug] [2026-05-18T10:02:33.094Z] CLI Version:   15.18.0
[debug] [2026-05-18T10:02:33.094Z] Platform:      darwin
[debug] [2026-05-18T10:02:33.094Z] Node Version:  v25.9.0
[debug] [2026-05-18T10:02:33.094Z] Time:          Mon May 18 2026 11:02:33 GMT+0100 (West Africa Time)
[debug] [2026-05-18T10:02:33.095Z] ----------------------------------------------------------------------
[debug] 
[debug] [2026-05-18T10:02:33.099Z] >>> [apiv2][query] GET https://firebase-public.firebaseio.com/cli.json [none]
[debug] [2026-05-18T10:02:35.720Z] > command requires scopes: ["email","openid","https://www.googleapis.com/auth/cloudplatformprojects.readonly","https://www.googleapis.com/auth/firebase","https://www.googleapis.com/auth/cloud-platform"]
[debug] [2026-05-18T10:02:35.721Z] > authorizing via signed-in user (art@visual.ng)
[debug] [2026-05-18T10:02:35.722Z] [iam] checking project comcorpe for permissions ["datastore.indexes.create","datastore.indexes.delete","datastore.indexes.list","datastore.indexes.update","firebase.projects.get"]
[debug] [2026-05-18T10:02:35.725Z] Checked if tokens are valid: false, expires at: 1778982809903
[debug] [2026-05-18T10:02:35.725Z] Checked if tokens are valid: false, expires at: 1778982809903
[debug] [2026-05-18T10:02:35.726Z] > refreshing access token with scopes: []
[debug] [2026-05-18T10:02:35.728Z] >>> [apiv2][query] POST https://www.googleapis.com/oauth2/v3/token [none]
[debug] [2026-05-18T10:02:35.729Z] >>> [apiv2][body] POST https://www.googleapis.com/oauth2/v3/token [omitted]
[debug] [2026-05-18T10:02:36.803Z] <<< [apiv2][status] POST https://www.googleapis.com/oauth2/v3/token 200
[debug] [2026-05-18T10:02:36.804Z] <<< [apiv2][body] POST https://www.googleapis.com/oauth2/v3/token [omitted]
[debug] [2026-05-18T10:02:36.852Z] >>> [apiv2][query] POST https://cloudresourcemanager.googleapis.com/v1/projects/comcorpe:testIamPermissions [none]
[debug] [2026-05-18T10:02:36.852Z] >>> [apiv2][(partial)header] POST https://cloudresourcemanager.googleapis.com/v1/projects/comcorpe:testIamPermissions  x-goog-user-project=comcorpe
[debug] [2026-05-18T10:02:36.852Z] >>> [apiv2][body] POST https://cloudresourcemanager.googleapis.com/v1/projects/comcorpe:testIamPermissions {"permissions":["datastore.indexes.create","datastore.indexes.delete","datastore.indexes.list","datastore.indexes.update","firebase.projects.get"]}
[debug] [2026-05-18T10:02:37.077Z] <<< [apiv2][status] GET https://firebase-public.firebaseio.com/cli.json 200
[debug] [2026-05-18T10:02:37.077Z] <<< [apiv2][body] GET https://firebase-public.firebaseio.com/cli.json {"cloudBuildErrorAfter":1594252800000,"cloudBuildWarnAfter":1590019200000,"defaultNode10After":1594252800000,"minVersion":"3.0.5","node8DeploysDisabledAfter":1613390400000,"node8RuntimeDisabledAfter":1615809600000,"node8WarnAfter":1600128000000}
[debug] [2026-05-18T10:02:38.392Z] <<< [apiv2][status] POST https://cloudresourcemanager.googleapis.com/v1/projects/comcorpe:testIamPermissions 200
[debug] [2026-05-18T10:02:38.393Z] <<< [apiv2][body] POST https://cloudresourcemanager.googleapis.com/v1/projects/comcorpe:testIamPermissions {"permissions":["datastore.indexes.create","datastore.indexes.delete","datastore.indexes.list","datastore.indexes.update","firebase.projects.get"]}
[info] 
[info] === Deploying to 'comcorpe'...
[info] 
[info] i  deploying firestore 
[info] i  firestore: ensuring required API firestore.googleapis.com is enabled... 
[info] i  firestore: ensuring required API firestore.googleapis.com is enabled... 
[debug] [2026-05-18T10:02:38.399Z] Checked if tokens are valid: true, expires at: 1779102155804
[debug] [2026-05-18T10:02:38.399Z] Checked if tokens are valid: true, expires at: 1779102155804
[debug] [2026-05-18T10:02:38.399Z] >>> [apiv2][query] GET https://firestore.googleapis.com/v1/projects/comcorpe/databases/(default) [none]
[debug] [2026-05-18T10:02:39.522Z] <<< [apiv2][status] GET https://firestore.googleapis.com/v1/projects/comcorpe/databases/(default) 200
[debug] [2026-05-18T10:02:39.522Z] <<< [apiv2][body] GET https://firestore.googleapis.com/v1/projects/comcorpe/databases/(default) {"name":"projects/comcorpe/databases/(default)","uid":"524063cf-ca5f-46b1-ab5a-330c592454f6","createTime":"2026-05-16T21:42:52.049754Z","updateTime":"2026-05-16T21:42:52.049754Z","locationId":"nam5","type":"FIRESTORE_NATIVE","concurrencyMode":"PESSIMISTIC","versionRetentionPeriod":"3600s","earliestVersionTime":"2026-05-18T09:02:39.666638Z","appEngineIntegrationMode":"DISABLED","keyPrefix":"s","pointInTimeRecoveryEnablement":"POINT_IN_TIME_RECOVERY_DISABLED","deleteProtectionState":"DELETE_PROTECTION_DISABLED","databaseEdition":"STANDARD","freeTier":true,"realtimeUpdatesMode":"REALTIME_UPDATES_MODE_ENABLED","etag":"IOGvrc3KwpQDMKmmubfxvpQD"}
[info] i  cloud.firestore: checking firestore.rules for compilation errors... 
[debug] [2026-05-18T10:02:39.524Z] Checked if tokens are valid: true, expires at: 1779102155804
[debug] [2026-05-18T10:02:39.524Z] Checked if tokens are valid: true, expires at: 1779102155804
[debug] [2026-05-18T10:02:39.525Z] >>> [apiv2][query] POST https://firebaserules.googleapis.com/v1/projects/comcorpe:test [none]
[debug] [2026-05-18T10:02:39.526Z] >>> [apiv2][body] POST https://firebaserules.googleapis.com/v1/projects/comcorpe:test [omitted]
[debug] [2026-05-18T10:02:41.037Z] <<< [apiv2][status] POST https://firebaserules.googleapis.com/v1/projects/comcorpe:test 200
[debug] [2026-05-18T10:02:41.037Z] <<< [apiv2][body] POST https://firebaserules.googleapis.com/v1/projects/comcorpe:test {}
[info] ✔  cloud.firestore: rules file firestore.rules compiled successfully 
[debug] [2026-05-18T10:02:41.041Z] Checked if tokens are valid: true, expires at: 1779102155804
[debug] [2026-05-18T10:02:41.042Z] Checked if tokens are valid: true, expires at: 1779102155804
[debug] [2026-05-18T10:02:41.044Z] >>> [apiv2][query] GET https://firebaserules.googleapis.com/v1/projects/comcorpe/releases pageSize=10&pageToken=
[debug] [2026-05-18T10:02:41.868Z] <<< [apiv2][status] GET https://firebaserules.googleapis.com/v1/projects/comcorpe/releases 200
[debug] [2026-05-18T10:02:41.868Z] <<< [apiv2][body] GET https://firebaserules.googleapis.com/v1/projects/comcorpe/releases {"releases":[{"name":"projects/comcorpe/releases/cloud.firestore","rulesetName":"projects/comcorpe/rulesets/41d7fd14-b248-4e24-8238-d3ba3f9dff17","createTime":"2026-05-16T21:42:56.479675Z","updateTime":"2026-05-17T00:56:22.989521Z"}]}
[debug] [2026-05-18T10:02:41.870Z] Checked if tokens are valid: true, expires at: 1779102155804
[debug] [2026-05-18T10:02:41.870Z] Checked if tokens are valid: true, expires at: 1779102155804
[debug] [2026-05-18T10:02:41.871Z] >>> [apiv2][query] GET https://firebaserules.googleapis.com/v1/projects/comcorpe/rulesets/41d7fd14-b248-4e24-8238-d3ba3f9dff17 [none]
[debug] [2026-05-18T10:02:44.082Z] <<< [apiv2][status] GET https://firebaserules.googleapis.com/v1/projects/comcorpe/rulesets/41d7fd14-b248-4e24-8238-d3ba3f9dff17 200
[debug] [2026-05-18T10:02:44.083Z] <<< [apiv2][body] GET https://firebaserules.googleapis.com/v1/projects/comcorpe/rulesets/41d7fd14-b248-4e24-8238-d3ba3f9dff17 [omitted]
[info] i  firestore: uploading rules firestore.rules... 
[debug] [2026-05-18T10:02:44.085Z] Checked if tokens are valid: true, expires at: 1779102155804
[debug] [2026-05-18T10:02:44.085Z] Checked if tokens are valid: true, expires at: 1779102155804
[debug] [2026-05-18T10:02:44.085Z] >>> [apiv2][query] POST https://firebaserules.googleapis.com/v1/projects/comcorpe/rulesets [none]
[debug] [2026-05-18T10:02:44.085Z] >>> [apiv2][body] POST https://firebaserules.googleapis.com/v1/projects/comcorpe/rulesets [omitted]
[debug] [2026-05-18T10:02:44.716Z] <<< [apiv2][status] POST https://firebaserules.googleapis.com/v1/projects/comcorpe/rulesets 200
[debug] [2026-05-18T10:02:44.716Z] <<< [apiv2][body] POST https://firebaserules.googleapis.com/v1/projects/comcorpe/rulesets {"name":"projects/comcorpe/rulesets/bb7700e5-4da4-44f7-92d6-f4bd49696f27","source":{"files":[{"content":"rules_version = '2';\nservice cloud.firestore {\n  match /databases/{database}/documents {\n    match /insights/{document} {\n      allow read: if true;\n      allow write: if request.auth != null;\n    }\n\n    match /{document=**} {\n      allow read, write: if request.auth != null;\n    }\n  }\n}\n","name":"firestore.rules"}]},"createTime":"2026-05-18T10:02:44.834559Z","metadata":{"services":["cloud.firestore"]}}
[debug] [2026-05-18T10:02:44.717Z] [rules] created ruleset projects/comcorpe/rulesets/bb7700e5-4da4-44f7-92d6-f4bd49696f27
[debug] [2026-05-18T10:02:44.717Z] [rules] releasing cloud.firestore with ruleset projects/comcorpe/rulesets/bb7700e5-4da4-44f7-92d6-f4bd49696f27
[debug] [2026-05-18T10:02:44.718Z] Checked if tokens are valid: true, expires at: 1779102155804
[debug] [2026-05-18T10:02:44.718Z] Checked if tokens are valid: true, expires at: 1779102155804
[debug] [2026-05-18T10:02:44.718Z] >>> [apiv2][query] PATCH https://firebaserules.googleapis.com/v1/projects/comcorpe/releases/cloud.firestore [none]
[debug] [2026-05-18T10:02:44.719Z] >>> [apiv2][body] PATCH https://firebaserules.googleapis.com/v1/projects/comcorpe/releases/cloud.firestore {"release":{"name":"projects/comcorpe/releases/cloud.firestore","rulesetName":"projects/comcorpe/rulesets/bb7700e5-4da4-44f7-92d6-f4bd49696f27"}}
[debug] [2026-05-18T10:02:45.251Z] <<< [apiv2][status] PATCH https://firebaserules.googleapis.com/v1/projects/comcorpe/releases/cloud.firestore 200
